<?xml version="1.0" encoding="utf-8"?><testsuites name="pytest tests"><testsuite name="pytest" errors="0" failures="0" skipped="0" tests="17" time="4.910" timestamp="2026-08-26T13:37:37.064006+00:00" hostname="agent-env-e011964b-8d8a-4e02-98be-76606a6ea633"><testcase classname="tests.test_fantacalcio.TestRegisterFlow" name="test_register_create_league" time="1.024" /><testcase classname="tests.test_fantacalcio.TestAuth" name="test_root" time="0.710" /><testcase classname="tests.test_fantacalcio.TestAuth" name="test_login_demo" time="0.361" /><testcase classname="tests.test_fantacalcio.TestRegisterFlow" name="test_register_join_demo" time="0.676" /><testcase classname="tests.test_fantacalcio.TestAuth" name="test_login_bad" time="0.479" /><testcase classname="tests.test_fantacalcio.TestAuth" name="test_me_invalid" time="0.080" /><testcase classname="tests.test_fantacalcio.TestLeaguesEndpoints" name="test_create_league_auth" time="0.619" /><testcase classname="tests.test_fantacalcio.TestRegisterFlow" name="test_register_join_bad_code" time="0.459" /><testcase classname="tests.test_fantacalcio.TestRegisterFlow" name="test_register_duplicate_team_name" time="0.548" /><testcase classname="tests.test_fantacalcio.TestLeaguesEndpoints" name="test_join_league_auth_and_dup" time="1.734" /><testcase classname="tests.test_fantacalcio.TestPlayers" name="test_expected_players" time="0.134" /><testcase classname="tests.test_fantacalcio.TestPlayers" name="test_role_filter" time="0.681" /><testcase classname="tests.test_fantacalcio.TestDashboard" name="test_summary_has_team_name" time="0.455" /><testcase classname="tests.test_fantacalcio.TestStandings" name="test_rows_have_team_name" time="0.071" /><testcase classname="tests.test_fantacalcio.TestAuction" name="test_state_and_bid" time="0.358" /><testcase classname="tests.test_fantacalcio.TestLeaguesEndpoints" name="test_members_demo_league" time="0.499" /><testcase classname="tests.test_fantacalcio.TestLeaguesEndpoints" name="test_my_membership_demo" time="0.089" /></testsuite></testsuites>