<?xml version="1.0" encoding="utf-8"?><testsuites name="pytest tests"><testsuite name="pytest" errors="0" failures="2" skipped="0" tests="24" time="5.747" timestamp="2026-08-28T13:24:26.249398+00:00" hostname="agent-env-e011964b-8d8a-4e02-98be-76606a6ea633"><testcase classname="tests.test_fantacalcio.TestAuth" name="test_root" time="0.186" /><testcase classname="tests.test_fantacalcio.TestAuth" name="test_login_demo" time="0.484" /><testcase classname="tests.test_fantacalcio.TestAuth" name="test_login_bad" time="2.182" /><testcase classname="tests.test_fantacalcio.TestKickoffLineup" name="test_schedule_kickoff_future_ok" time="0.742" /><testcase classname="tests.test_fantacalcio.TestKickoffLineup" name="test_get_lineup_returns_kickoff_info" time="0.064" /><testcase classname="tests.test_fantacalcio.TestKickoffLineup" name="test_save_lineup_ok_when_far_from_kickoff" time="0.218" /><testcase classname="tests.test_fantacalcio.TestKickoffLineup" name="test_save_lineup_locked_when_past_kickoff" time="0.197" /><testcase classname="tests.test_fantacalcio.TestKickoffLineup" name="test_schedule_kickoff_out_of_range" time="0.065" /><testcase classname="tests.test_fantacalcio.TestKickoffLineup" name="test_schedule_kickoff_clear" time="0.145" /><testcase classname="tests.test_fantacalcio.TestKickoffLineup" name="test_schedule_kickoff_non_admin_forbidden" time="0.354" /><testcase classname="tests.test_fantacalcio.TestLeaguesEndpoints" name="test_create_league_auth" time="0.436" /><testcase classname="tests.test_fantacalcio.TestLeaguesEndpoints" name="test_join_league_auth_and_dup" time="1.868" /><testcase classname="tests.test_fantacalcio.TestAuth" name="test_me_invalid" time="0.223" /><testcase classname="tests.test_fantacalcio.TestRegisterFlow" name="test_register_create_league" time="0.587" /><testcase classname="tests.test_fantacalcio.TestRegisterFlow" name="test_register_join_demo" time="0.488" /><testcase classname="tests.test_fantacalcio.TestLeaguesEndpoints" name="test_members_demo_league" time="0.068" /><testcase classname="tests.test_fantacalcio.TestRegisterFlow" name="test_register_join_bad_code" time="0.286" /><testcase classname="tests.test_fantacalcio.TestLeaguesEndpoints" name="test_my_membership_demo" time="0.275" /><testcase classname="tests.test_fantacalcio.TestPlayers" name="test_expected_players" time="0.318"><failure message="AssertionError: Expected 213 players, got 624&#10;assert 624 == 213&#10; +  where 624 = len([{'id': 'p0575', 'name': 'Martinez L.', 'team': 'Inter', 'role': 'A', ...}, {'id': 'p0574', 'name': 'Malen', 'team': 'Roma', 'role': 'A', ...}, {'id': 'p0553', 'name': 'Hojlund', 'team': 'Napoli', 'role': 'A', ...}, {'id': 'p0599', 'name': 'Ramos', 'team': 'Milan', 'role': 'A', ...}, {'id': 'p0558', 'name': 'Kolo Muani', 'team': 'Juventus', 'role': 'A', ...}, {'id': 'p0614', 'name': 'Thuram M.', 'team': 'Inter', 'role': 'A', ...}, ...])">E   AssertionError: Expected 213 players, got 624
    assert 624 == 213
     +  where 624 = len([{'id': 'p0575', 'name': 'Martinez L.', 'team': 'Inter', 'role': 'A', ...}, {'id': 'p0574', 'name': 'Malen', 'team': 'Roma', 'role': 'A', ...}, {'id': 'p0553', 'name': 'Hojlund', 'team': 'Napoli', 'role': 'A', ...}, {'id': 'p0599', 'name': 'Ramos', 'team': 'Milan', 'role': 'A', ...}, {'id': 'p0558', 'name': 'Kolo Muani', 'team': 'Juventus', 'role': 'A', ...}, {'id': 'p0614', 'name': 'Thuram M.', 'team': 'Inter', 'role': 'A', ...}, ...])</failure></testcase><testcase classname="tests.test_fantacalcio.TestRegisterFlow" name="test_register_duplicate_team_name" time="0.292" /><testcase classname="tests.test_fantacalcio.TestPlayers" name="test_role_filter" time="0.484" /><testcase classname="tests.test_fantacalcio.TestDashboard" name="test_summary_has_team_name" time="0.423" /><testcase classname="tests.test_fantacalcio.TestStandings" name="test_rows_have_team_name" time="0.073" /><testcase classname="tests.test_fantacalcio.TestAuction" name="test_state_and_bid" time="0.148"><failure message="AssertionError: {&quot;detail&quot;:&quot;Asta non attiva&quot;}&#10;assert 400 == 200&#10; +  where 400 = &lt;Response [400]&gt;.status_code">E   AssertionError: {"detail":"Asta non attiva"}
    assert 400 == 200
     +  where 400 = &lt;Response [400]&gt;.status_code</failure></testcase></testsuite></testsuites>